[2020-08-17 13:09:03] local.ERROR: compact(): Undefined variable: incomes {"userId":1,"exception":"[object] (ErrorException(code: 0): compact(): Undefined variable: incomes at /home/dell/lara/aqua/app/Http/Controllers/CashOutController.php:46)
[stacktrace]
#0 [internal function]: Illuminate\\Foundation\\Bootstrap\\HandleExceptions->handleError()
#1 /home/dell/lara/aqua/app/Http/Controllers/CashOutController.php(46): compact()
#2 [internal function]: App\\Http\\Controllers\\CashOutController->indexcard()
#3 /home/dell/lara/aqua/vendor/laravel/framework/src/Illuminate/Routing/Controller.php(54): call_user_func_array()
#4 /home/dell/lara/aqua/vendor/laravel/framework/src/Illuminate/Routing/ControllerDispatcher.php(45): Illuminate\\Routing\\Controller->callAction()
#5 /home/dell/lara/aqua/vendor/laravel/framework/src/Illuminate/Routing/Route.php(219): Illuminate\\Routing\\ControllerDispatcher->dispatch()
#6 /home/dell/lara/aqua/vendor/laravel/framework/src/Illuminate/Routing/Route.php(176): Illuminate\\Routing\\Route->runController()
#7 /home/dell/lara/aqua/vendor/laravel/framework/src/Illuminate/Routing/Router.php(680): Illuminate\\Routing\\Route->run()
#8 /home/dell/lara/aqua/vendor/laravel/framework/src/Illuminate/Routing/Pipeline.php(30): Illuminate\\Routing\\Router->Illuminate\\Routing\\{closure}()
#9 /home/dell/lara/aqua/vendor/spatie/laravel-permission/src/Middlewares/PermissionMiddleware.php(22): Illuminate\\Routing\\Pipeline->Illuminate\\Routing\\{closure}()
#10 /home/dell/lara/aqua/vendor/laravel/framework/src/Illuminate/Pipeline/Pipeline.php(163): Spatie\\Permission\\Middlewares\\PermissionMiddleware->handle()
#11 /home/dell/lara/aqua/vendor/laravel/framework/src/Illuminate/Routing/Pipeline.php(53): Illuminate\\Pipeline\\Pipeline->Illuminate\\Pipeline\\{closure}()
#12 /home/dell/lara/aqua/vendor/spatie/laravel-permission/src/Middlewares/PermissionMiddleware.php(22): Illuminate\\Routing\\Pipeline->Illuminate\\Routing\\{closure}()
#13 /home/dell/lara/aqua/vendor/laravel/framework/src/Illuminate/Pipeline/Pipeline.php(163): Spatie\\Permission\\Middlewares\\PermissionMiddleware->handle()
#14 /home/dell/lara/aqua/vendor/laravel/framework/src/Illuminate/Routing/Pipeline.php(53): Illuminate\\Pipeline\\Pipeline->Illuminate\\Pipeline\\{closure}()
#15 /home/dell/lara/aqua/app/Http/Middleware/PasswordExpires.php(32): Illuminate\\Routing\\Pipeline->Illuminate\\Routing\\{closure}()
#16 /home/dell/lara/aqua/vendor/laravel/framework/src/Illuminate/Pipeline/Pipeline.php(163): App\\Http\\Middleware\\PasswordExpires->handle()
#17 /home/dell/lara/aqua/vendor/laravel/framework/src/Illuminate/Routing/Pipeline.php(53): Illuminate\\Pipeline\\Pipeline->Illuminate\\Pipeline\\{closure}()
#18 /home/dell/lara/aqua/app/Http/Middleware/ToBeLoggedOut.php(32): Illuminate\\Routing\\Pipeline->Illuminate\\Routing\\{closure}()
#19 /home/dell/lara/aqua/vendor/laravel/framework/src/Illuminate/Pipeline/Pipeline.php(163): App\\Http\\Middleware\\ToBeLoggedOut->handle()
#20 /home/dell/lara/aqua/vendor/laravel/framework/src/Illuminate/Routing/Pipeline.php(53): Illuminate\\Pipeline\\Pipeline->Illuminate\\Pipeline\\{closure}()
#21 /home/dell/lara/aqua/vendor/laravel/framework/src/Illuminate/Routing/Middleware/SubstituteBindings.php(41): Illuminate\\Routing\\Pipeline->Illuminate\\Routing\\{closure}()
#22 /home/dell/lara/aqua/vendor/laravel/framework/src/Illuminate/Pipeline/Pipeline.php(163): Illuminate\\Routing\\Middleware\\SubstituteBindings->handle()
#23 /home/dell/lara/aqua/vendor/laravel/framework/src/Illuminate/Routing/Pipeline.php(53): Illuminate\\Pipeline\\Pipeline->Illuminate\\Pipeline\\{closure}()
#24 /home/dell/lara/aqua/app/Http/Middleware/LocaleMiddleware.php(46): Illuminate\\Routing\\Pipeline->Illuminate\\Routing\\{closure}()
#25 /home/dell/lara/aqua/vendor/laravel/framework/src/Illuminate/Pipeline/Pipeline.php(163): App\\Http\\Middleware\\LocaleMiddleware->handle()
#26 /home/dell/lara/aqua/vendor/laravel/framework/src/Illuminate/Routing/Pipeline.php(53): Illuminate\\Pipeline\\Pipeline->Illuminate\\Pipeline\\{closure}()
#27 /home/dell/lara/aqua/vendor/laravel/framework/src/Illuminate/Foundation/Http/Middleware/VerifyCsrfToken.php(75): Illuminate\\Routing\\Pipeline->Illuminate\\Routing\\{closure}()
#28 /home/dell/lara/aqua/vendor/laravel/framework/src/Illuminate/Pipeline/Pipeline.php(163): Illuminate\\Foundation\\Http\\Middleware\\VerifyCsrfToken->handle()
#29 /home/dell/lara/aqua/vendor/laravel/framework/src/Illuminate/Routing/Pipeline.php(53): Illuminate\\Pipeline\\Pipeline->Illuminate\\Pipeline\\{closure}()
#30 /home/dell/lara/aqua/vendor/laravel/framework/src/Illuminate/Session/Middleware/AuthenticateSession.php(58): Illuminate\\Routing\\Pipeline->Illuminate\\Routing\\{closure}()
#31 /home/dell/lara/aqua/vendor/laravel/framework/src/Illuminate/Pipeline/Pipeline.php(163): Illuminate\\Session\\Middleware\\AuthenticateSession->handle()
#32 /home/dell/lara/aqua/vendor/laravel/framework/src/Illuminate/Routing/Pipeline.php(53): Illuminate\\Pipeline\\Pipeline->Illuminate\\Pipeline\\{closure}()
#33 /home/dell/lara/aqua/vendor/laravel/framework/src/Illuminate/Auth/Middleware/Authenticate.php(43): Illuminate\\Routing\\Pipeline->Illuminate\\Routing\\{closure}()
#34 /home/dell/lara/aqua/vendor/laravel/framework/src/Illuminate/Pipeline/Pipeline.php(163): Illuminate\\Auth\\Middleware\\Authenticate->handle()
#35 /home/dell/lara/aqua/vendor/laravel/framework/src/Illuminate/Routing/Pipeline.php(53): Illuminate\\Pipeline\\Pipeline->Illuminate\\Pipeline\\{closure}()
#36 /home/dell/lara/aqua/vendor/laravel/framework/src/Illuminate/View/Middleware/ShareErrorsFromSession.php(49): Illuminate\\Routing\\Pipeline->Illuminate\\Routing\\{closure}()
#37 /home/dell/lara/aqua/vendor/laravel/framework/src/Illuminate/Pipeline/Pipeline.php(163): Illuminate\\View\\Middleware\\ShareErrorsFromSession->handle()
#38 /home/dell/lara/aqua/vendor/laravel/framework/src/Illuminate/Routing/Pipeline.php(53): Illuminate\\Pipeline\\Pipeline->Illuminate\\Pipeline\\{closure}()
#39 /home/dell/lara/aqua/vendor/laravel/framework/src/Illuminate/Session/Middleware/StartSession.php(56): Illuminate\\Routing\\Pipeline->Illuminate\\Routing\\{closure}()
#40 /home/dell/lara/aqua/vendor/laravel/framework/src/Illuminate/Pipeline/Pipeline.php(163): Illuminate\\Session\\Middleware\\StartSession->handle()
#41 /home/dell/lara/aqua/vendor/laravel/framework/src/Illuminate/Routing/Pipeline.php(53): Illuminate\\Pipeline\\Pipeline->Illuminate\\Pipeline\\{closure}()
#42 /home/dell/lara/aqua/vendor/laravel/framework/src/Illuminate/Cookie/Middleware/AddQueuedCookiesToResponse.php(37): Illuminate\\Routing\\Pipeline->Illuminate\\Routing\\{closure}()
#43 /home/dell/lara/aqua/vendor/laravel/framework/src/Illuminate/Pipeline/Pipeline.php(163): Illuminate\\Cookie\\Middleware\\AddQueuedCookiesToResponse->handle()
#44 /home/dell/lara/aqua/vendor/laravel/framework/src/Illuminate/Routing/Pipeline.php(53): Illuminate\\Pipeline\\Pipeline->Illuminate\\Pipeline\\{closure}()
#45 /home/dell/lara/aqua/vendor/laravel/framework/src/Illuminate/Cookie/Middleware/EncryptCookies.php(66): Illuminate\\Routing\\Pipeline->Illuminate\\Routing\\{closure}()
#46 /home/dell/lara/aqua/vendor/laravel/framework/src/Illuminate/Pipeline/Pipeline.php(163): Illuminate\\Cookie\\Middleware\\EncryptCookies->handle()
#47 /home/dell/lara/aqua/vendor/laravel/framework/src/Illuminate/Routing/Pipeline.php(53): Illuminate\\Pipeline\\Pipeline->Illuminate\\Pipeline\\{closure}()
#48 /home/dell/lara/aqua/vendor/laravel/framework/src/Illuminate/Pipeline/Pipeline.php(104): Illuminate\\Routing\\Pipeline->Illuminate\\Routing\\{closure}()
#49 /home/dell/lara/aqua/vendor/laravel/framework/src/Illuminate/Routing/Router.php(682): Illuminate\\Pipeline\\Pipeline->then()
#50 /home/dell/lara/aqua/vendor/laravel/framework/src/Illuminate/Routing/Router.php(657): Illuminate\\Routing\\Router->runRouteWithinStack()
#51 /home/dell/lara/aqua/vendor/laravel/framework/src/Illuminate/Routing/Router.php(623): Illuminate\\Routing\\Router->runRoute()
#52 /home/dell/lara/aqua/vendor/laravel/framework/src/Illuminate/Routing/Router.php(612): Illuminate\\Routing\\Router->dispatchToRoute()
#53 /home/dell/lara/aqua/vendor/laravel/framework/src/Illuminate/Foundation/Http/Kernel.php(176): Illuminate\\Routing\\Router->dispatch()
#54 /home/dell/lara/aqua/vendor/laravel/framework/src/Illuminate/Routing/Pipeline.php(30): Illuminate\\Foundation\\Http\\Kernel->Illuminate\\Foundation\\Http\\{closure}()
#55 /home/dell/lara/aqua/vendor/barryvdh/laravel-debugbar/src/Middleware/InjectDebugbar.php(65): Illuminate\\Routing\\Pipeline->Illuminate\\Routing\\{closure}()
#56 /home/dell/lara/aqua/vendor/laravel/framework/src/Illuminate/Pipeline/Pipeline.php(163): Barryvdh\\Debugbar\\Middleware\\InjectDebugbar->handle()
#57 /home/dell/lara/aqua/vendor/laravel/framework/src/Illuminate/Routing/Pipeline.php(53): Illuminate\\Pipeline\\Pipeline->Illuminate\\Pipeline\\{closure}()
#58 /home/dell/lara/aqua/vendor/fideloper/proxy/src/TrustProxies.php(57): Illuminate\\Routing\\Pipeline->Illuminate\\Routing\\{closure}()
#59 /home/dell/lara/aqua/vendor/laravel/framework/src/Illuminate/Pipeline/Pipeline.php(163): Fideloper\\Proxy\\TrustProxies->handle()
#60 /home/dell/lara/aqua/vendor/laravel/framework/src/Illuminate/Routing/Pipeline.php(53): Illuminate\\Pipeline\\Pipeline->Illuminate\\Pipeline\\{closure}()
#61 /home/dell/lara/aqua/vendor/laravel/framework/src/Illuminate/Foundation/Http/Middleware/TransformsRequest.php(21): Illuminate\\Routing\\Pipeline->Illuminate\\Routing\\{closure}()
#62 /home/dell/lara/aqua/vendor/laravel/framework/src/Illuminate/Pipeline/Pipeline.php(163): Illuminate\\Foundation\\Http\\Middleware\\TransformsRequest->handle()
#63 /home/dell/lara/aqua/vendor/laravel/framework/src/Illuminate/Routing/Pipeline.php(53): Illuminate\\Pipeline\\Pipeline->Illuminate\\Pipeline\\{closure}()
#64 /home/dell/lara/aqua/vendor/laravel/framework/src/Illuminate/Foundation/Http/Middleware/TransformsRequest.php(21): Illuminate\\Routing\\Pipeline->Illuminate\\Routing\\{closure}()
#65 /home/dell/lara/aqua/vendor/laravel/framework/src/Illuminate/Pipeline/Pipeline.php(163): Illuminate\\Foundation\\Http\\Middleware\\TransformsRequest->handle()
#66 /home/dell/lara/aqua/vendor/laravel/framework/src/Illuminate/Routing/Pipeline.php(53): Illuminate\\Pipeline\\Pipeline->Illuminate\\Pipeline\\{closure}()
#67 /home/dell/lara/aqua/vendor/laravel/framework/src/Illuminate/Foundation/Http/Middleware/ValidatePostSize.php(27): Illuminate\\Routing\\Pipeline->Illuminate\\Routing\\{closure}()
#68 /home/dell/lara/aqua/vendor/laravel/framework/src/Illuminate/Pipeline/Pipeline.php(163): Illuminate\\Foundation\\Http\\Middleware\\ValidatePostSize->handle()
#69 /home/dell/lara/aqua/vendor/laravel/framework/src/Illuminate/Routing/Pipeline.php(53): Illuminate\\Pipeline\\Pipeline->Illuminate\\Pipeline\\{closure}()
#70 /home/dell/lara/aqua/app/Http/Middleware/CheckForDemoMode.php(29): Illuminate\\Routing\\Pipeline->Illuminate\\Routing\\{closure}()
#71 /home/dell/lara/aqua/vendor/laravel/framework/src/Illuminate/Pipeline/Pipeline.php(163): App\\Http\\Middleware\\CheckForDemoMode->handle()
#72 /home/dell/lara/aqua/vendor/laravel/framework/src/Illuminate/Routing/Pipeline.php(53): Illuminate\\Pipeline\\Pipeline->Illuminate\\Pipeline\\{closure}()
#73 /home/dell/lara/aqua/vendor/laravel/framework/src/Illuminate/Foundation/Http/Middleware/CheckForMaintenanceMode.php(62): Illuminate\\Routing\\Pipeline->Illuminate\\Routing\\{closure}()
#74 /home/dell/lara/aqua/vendor/laravel/framework/src/Illuminate/Pipeline/Pipeline.php(163): Illuminate\\Foundation\\Http\\Middleware\\CheckForMaintenanceMode->handle()
#75 /home/dell/lara/aqua/vendor/laravel/framework/src/Illuminate/Routing/Pipeline.php(53): Illuminate\\Pipeline\\Pipeline->Illuminate\\Pipeline\\{closure}()
#76 /home/dell/lara/aqua/vendor/laravel/framework/src/Illuminate/Pipeline/Pipeline.php(104): Illuminate\\Routing\\Pipeline->Illuminate\\Routing\\{closure}()
#77 /home/dell/lara/aqua/vendor/laravel/framework/src/Illuminate/Foundation/Http/Kernel.php(151): Illuminate\\Pipeline\\Pipeline->then()
#78 /home/dell/lara/aqua/vendor/laravel/framework/src/Illuminate/Foundation/Http/Kernel.php(116): Illuminate\\Foundation\\Http\\Kernel->sendRequestThroughRouter()
#79 /home/dell/lara/aqua/public/index.php(53): Illuminate\\Foundation\\Http\\Kernel->handle()
#80 /home/dell/lara/aqua/server.php(19): require_once('/home/dell/lara...')
#81 {main}
"} 
