[2020-10-07 12:01:06] local.INFO: User Created  
[2020-10-07 12:01:18] local.INFO: User Updated  
[2020-10-07 13:11:33] local.ERROR: SQLSTATE[42S02]: Base table or view not found: 1146 Table 'aquatica.users' doesn't exist (SQL: select * from `users` where `id` = 1 and `users`.`deleted_at` is null limit 1) {"exception":"[object] (Illuminate\\Database\\QueryException(code: 42S02): SQLSTATE[42S02]: Base table or view not found: 1146 Table 'aquatica.users' doesn't exist (SQL: select * from `users` where `id` = 1 and `users`.`deleted_at` is null limit 1) at /home/dell/lara/aqua/vendor/laravel/framework/src/Illuminate/Database/Connection.php:664, Doctrine\\DBAL\\Driver\\PDOException(code: 42S02): SQLSTATE[42S02]: Base table or view not found: 1146 Table 'aquatica.users' doesn't exist at /home/dell/lara/aqua/vendor/doctrine/dbal/lib/Doctrine/DBAL/Driver/PDOConnection.php:72, PDOException(code: 42S02): SQLSTATE[42S02]: Base table or view not found: 1146 Table 'aquatica.users' doesn't exist at /home/dell/lara/aqua/vendor/doctrine/dbal/lib/Doctrine/DBAL/Driver/PDOConnection.php:67)
[stacktrace]
#0 /home/dell/lara/aqua/vendor/laravel/framework/src/Illuminate/Database/Connection.php(624): Illuminate\\Database\\Connection->runQueryCallback()
#1 /home/dell/lara/aqua/vendor/laravel/framework/src/Illuminate/Database/Connection.php(333): Illuminate\\Database\\Connection->run()
#2 /home/dell/lara/aqua/vendor/laravel/framework/src/Illuminate/Database/Query/Builder.php(2130): Illuminate\\Database\\Connection->select()
#3 /home/dell/lara/aqua/vendor/laravel/framework/src/Illuminate/Database/Query/Builder.php(2118): Illuminate\\Database\\Query\\Builder->runSelect()
#4 /home/dell/lara/aqua/vendor/laravel/framework/src/Illuminate/Database/Query/Builder.php(2604): Illuminate\\Database\\Query\\Builder->Illuminate\\Database\\Query\\{closure}()
#5 /home/dell/lara/aqua/vendor/laravel/framework/src/Illuminate/Database/Query/Builder.php(2119): Illuminate\\Database\\Query\\Builder->onceWithColumns()
#6 /home/dell/lara/aqua/vendor/laravel/framework/src/Illuminate/Database/Eloquent/Builder.php(521): Illuminate\\Database\\Query\\Builder->get()
#7 /home/dell/lara/aqua/vendor/laravel/framework/src/Illuminate/Database/Eloquent/Builder.php(505): Illuminate\\Database\\Eloquent\\Builder->getModels()
#8 /home/dell/lara/aqua/vendor/laravel/framework/src/Illuminate/Database/Concerns/BuildsQueries.php(77): Illuminate\\Database\\Eloquent\\Builder->get()
#9 /home/dell/lara/aqua/vendor/laravel/framework/src/Illuminate/Auth/EloquentUserProvider.php(52): Illuminate\\Database\\Eloquent\\Builder->first()
#10 /home/dell/lara/aqua/vendor/laravel/framework/src/Illuminate/Auth/SessionGuard.php(131): Illuminate\\Auth\\EloquentUserProvider->retrieveById()
#11 /home/dell/lara/aqua/vendor/laravel/framework/src/Illuminate/Auth/AuthManager.php(54): Illuminate\\Auth\\SessionGuard->user()
#12 [internal function]: Illuminate\\Auth\\AuthManager->Illuminate\\Auth\\{closure}()
#13 /home/dell/lara/aqua/vendor/laravel/framework/src/Illuminate/Auth/AuthServiceProvider.php(84): call_user_func()
#14 [internal function]: Illuminate\\Auth\\AuthServiceProvider->Illuminate\\Auth\\{closure}()
#15 /home/dell/lara/aqua/vendor/laravel/framework/src/Illuminate/Http/Request.php(517): call_user_func()
#16 /home/dell/lara/aqua/vendor/laravel/framework/src/Illuminate/Session/Middleware/AuthenticateSession.php(38): Illuminate\\Http\\Request->user()
#17 /home/dell/lara/aqua/vendor/laravel/framework/src/Illuminate/Pipeline/Pipeline.php(163): Illuminate\\Session\\Middleware\\AuthenticateSession->handle()
#18 /home/dell/lara/aqua/vendor/laravel/framework/src/Illuminate/Routing/Pipeline.php(53): Illuminate\\Pipeline\\Pipeline->Illuminate\\Pipeline\\{closure}()
#19 /home/dell/lara/aqua/vendor/laravel/framework/src/Illuminate/View/Middleware/ShareErrorsFromSession.php(49): Illuminate\\Routing\\Pipeline->Illuminate\\Routing\\{closure}()
#20 /home/dell/lara/aqua/vendor/laravel/framework/src/Illuminate/Pipeline/Pipeline.php(163): Illuminate\\View\\Middleware\\ShareErrorsFromSession->handle()
#21 /home/dell/lara/aqua/vendor/laravel/framework/src/Illuminate/Routing/Pipeline.php(53): Illuminate\\Pipeline\\Pipeline->Illuminate\\Pipeline\\{closure}()
#22 /home/dell/lara/aqua/vendor/laravel/framework/src/Illuminate/Session/Middleware/StartSession.php(56): Illuminate\\Routing\\Pipeline->Illuminate\\Routing\\{closure}()
#23 /home/dell/lara/aqua/vendor/laravel/framework/src/Illuminate/Pipeline/Pipeline.php(163): Illuminate\\Session\\Middleware\\StartSession->handle()
#24 /home/dell/lara/aqua/vendor/laravel/framework/src/Illuminate/Routing/Pipeline.php(53): Illuminate\\Pipeline\\Pipeline->Illuminate\\Pipeline\\{closure}()
#25 /home/dell/lara/aqua/vendor/laravel/framework/src/Illuminate/Cookie/Middleware/AddQueuedCookiesToResponse.php(37): Illuminate\\Routing\\Pipeline->Illuminate\\Routing\\{closure}()
#26 /home/dell/lara/aqua/vendor/laravel/framework/src/Illuminate/Pipeline/Pipeline.php(163): Illuminate\\Cookie\\Middleware\\AddQueuedCookiesToResponse->handle()
#27 /home/dell/lara/aqua/vendor/laravel/framework/src/Illuminate/Routing/Pipeline.php(53): Illuminate\\Pipeline\\Pipeline->Illuminate\\Pipeline\\{closure}()
#28 /home/dell/lara/aqua/vendor/laravel/framework/src/Illuminate/Cookie/Middleware/EncryptCookies.php(66): Illuminate\\Routing\\Pipeline->Illuminate\\Routing\\{closure}()
#29 /home/dell/lara/aqua/vendor/laravel/framework/src/Illuminate/Pipeline/Pipeline.php(163): Illuminate\\Cookie\\Middleware\\EncryptCookies->handle()
#30 /home/dell/lara/aqua/vendor/laravel/framework/src/Illuminate/Routing/Pipeline.php(53): Illuminate\\Pipeline\\Pipeline->Illuminate\\Pipeline\\{closure}()
#31 /home/dell/lara/aqua/vendor/laravel/framework/src/Illuminate/Pipeline/Pipeline.php(104): Illuminate\\Routing\\Pipeline->Illuminate\\Routing\\{closure}()
#32 /home/dell/lara/aqua/vendor/laravel/framework/src/Illuminate/Routing/Router.php(682): Illuminate\\Pipeline\\Pipeline->then()
#33 /home/dell/lara/aqua/vendor/laravel/framework/src/Illuminate/Routing/Router.php(657): Illuminate\\Routing\\Router->runRouteWithinStack()
#34 /home/dell/lara/aqua/vendor/laravel/framework/src/Illuminate/Routing/Router.php(623): Illuminate\\Routing\\Router->runRoute()
#35 /home/dell/lara/aqua/vendor/laravel/framework/src/Illuminate/Routing/Router.php(612): Illuminate\\Routing\\Router->dispatchToRoute()
#36 /home/dell/lara/aqua/vendor/laravel/framework/src/Illuminate/Foundation/Http/Kernel.php(176): Illuminate\\Routing\\Router->dispatch()
#37 /home/dell/lara/aqua/vendor/laravel/framework/src/Illuminate/Routing/Pipeline.php(30): Illuminate\\Foundation\\Http\\Kernel->Illuminate\\Foundation\\Http\\{closure}()
#38 /home/dell/lara/aqua/vendor/barryvdh/laravel-debugbar/src/Middleware/InjectDebugbar.php(65): Illuminate\\Routing\\Pipeline->Illuminate\\Routing\\{closure}()
#39 /home/dell/lara/aqua/vendor/laravel/framework/src/Illuminate/Pipeline/Pipeline.php(163): Barryvdh\\Debugbar\\Middleware\\InjectDebugbar->handle()
#40 /home/dell/lara/aqua/vendor/laravel/framework/src/Illuminate/Routing/Pipeline.php(53): Illuminate\\Pipeline\\Pipeline->Illuminate\\Pipeline\\{closure}()
#41 /home/dell/lara/aqua/vendor/fideloper/proxy/src/TrustProxies.php(57): Illuminate\\Routing\\Pipeline->Illuminate\\Routing\\{closure}()
#42 /home/dell/lara/aqua/vendor/laravel/framework/src/Illuminate/Pipeline/Pipeline.php(163): Fideloper\\Proxy\\TrustProxies->handle()
#43 /home/dell/lara/aqua/vendor/laravel/framework/src/Illuminate/Routing/Pipeline.php(53): Illuminate\\Pipeline\\Pipeline->Illuminate\\Pipeline\\{closure}()
#44 /home/dell/lara/aqua/vendor/laravel/framework/src/Illuminate/Foundation/Http/Middleware/TransformsRequest.php(21): Illuminate\\Routing\\Pipeline->Illuminate\\Routing\\{closure}()
#45 /home/dell/lara/aqua/vendor/laravel/framework/src/Illuminate/Pipeline/Pipeline.php(163): Illuminate\\Foundation\\Http\\Middleware\\TransformsRequest->handle()
#46 /home/dell/lara/aqua/vendor/laravel/framework/src/Illuminate/Routing/Pipeline.php(53): Illuminate\\Pipeline\\Pipeline->Illuminate\\Pipeline\\{closure}()
#47 /home/dell/lara/aqua/vendor/laravel/framework/src/Illuminate/Foundation/Http/Middleware/TransformsRequest.php(21): Illuminate\\Routing\\Pipeline->Illuminate\\Routing\\{closure}()
#48 /home/dell/lara/aqua/vendor/laravel/framework/src/Illuminate/Pipeline/Pipeline.php(163): Illuminate\\Foundation\\Http\\Middleware\\TransformsRequest->handle()
#49 /home/dell/lara/aqua/vendor/laravel/framework/src/Illuminate/Routing/Pipeline.php(53): Illuminate\\Pipeline\\Pipeline->Illuminate\\Pipeline\\{closure}()
#50 /home/dell/lara/aqua/vendor/laravel/framework/src/Illuminate/Foundation/Http/Middleware/ValidatePostSize.php(27): Illuminate\\Routing\\Pipeline->Illuminate\\Routing\\{closure}()
#51 /home/dell/lara/aqua/vendor/laravel/framework/src/Illuminate/Pipeline/Pipeline.php(163): Illuminate\\Foundation\\Http\\Middleware\\ValidatePostSize->handle()
#52 /home/dell/lara/aqua/vendor/laravel/framework/src/Illuminate/Routing/Pipeline.php(53): Illuminate\\Pipeline\\Pipeline->Illuminate\\Pipeline\\{closure}()
#53 /home/dell/lara/aqua/app/Http/Middleware/CheckForDemoMode.php(29): Illuminate\\Routing\\Pipeline->Illuminate\\Routing\\{closure}()
#54 /home/dell/lara/aqua/vendor/laravel/framework/src/Illuminate/Pipeline/Pipeline.php(163): App\\Http\\Middleware\\CheckForDemoMode->handle()
#55 /home/dell/lara/aqua/vendor/laravel/framework/src/Illuminate/Routing/Pipeline.php(53): Illuminate\\Pipeline\\Pipeline->Illuminate\\Pipeline\\{closure}()
#56 /home/dell/lara/aqua/vendor/laravel/framework/src/Illuminate/Foundation/Http/Middleware/CheckForMaintenanceMode.php(62): Illuminate\\Routing\\Pipeline->Illuminate\\Routing\\{closure}()
#57 /home/dell/lara/aqua/vendor/laravel/framework/src/Illuminate/Pipeline/Pipeline.php(163): Illuminate\\Foundation\\Http\\Middleware\\CheckForMaintenanceMode->handle()
#58 /home/dell/lara/aqua/vendor/laravel/framework/src/Illuminate/Routing/Pipeline.php(53): Illuminate\\Pipeline\\Pipeline->Illuminate\\Pipeline\\{closure}()
#59 /home/dell/lara/aqua/vendor/laravel/framework/src/Illuminate/Pipeline/Pipeline.php(104): Illuminate\\Routing\\Pipeline->Illuminate\\Routing\\{closure}()
#60 /home/dell/lara/aqua/vendor/laravel/framework/src/Illuminate/Foundation/Http/Kernel.php(151): Illuminate\\Pipeline\\Pipeline->then()
#61 /home/dell/lara/aqua/vendor/laravel/framework/src/Illuminate/Foundation/Http/Kernel.php(116): Illuminate\\Foundation\\Http\\Kernel->sendRequestThroughRouter()
#62 /home/dell/lara/aqua/public/index.php(53): Illuminate\\Foundation\\Http\\Kernel->handle()
#63 /home/dell/lara/aqua/server.php(19): require_once('/home/dell/lara...')
#64 {main}
"} 
[2020-10-07 13:12:09] local.INFO: User Logged In: Susana Alejandra Martinez Gomez  
[2020-10-07 13:12:43] local.INFO: User Logged In: Susana Alejandra Martinez Gomez  
[2020-10-07 13:16:21] local.ERROR: Command "migragte" is not defined.

Did you mean one of these?
    migrate
    migrate:fresh
    migrate:install
    migrate:refresh
    migrate:reset
    migrate:rollback
    migrate:status {"exception":"[object] (Symfony\\Component\\Console\\Exception\\CommandNotFoundException(code: 0): Command \"migragte\" is not defined.

Did you mean one of these?
    migrate
    migrate:fresh
    migrate:install
    migrate:refresh
    migrate:reset
    migrate:rollback
    migrate:status at /home/dell/lara/aqua/vendor/symfony/console/Application.php:674)
[stacktrace]
#0 /home/dell/lara/aqua/vendor/symfony/console/Application.php(235): Symfony\\Component\\Console\\Application->find()
#1 /home/dell/lara/aqua/vendor/symfony/console/Application.php(147): Symfony\\Component\\Console\\Application->doRun()
#2 /home/dell/lara/aqua/vendor/laravel/framework/src/Illuminate/Console/Application.php(90): Symfony\\Component\\Console\\Application->run()
#3 /home/dell/lara/aqua/vendor/laravel/framework/src/Illuminate/Foundation/Console/Kernel.php(133): Illuminate\\Console\\Application->run()
#4 /home/dell/lara/aqua/artisan(37): Illuminate\\Foundation\\Console\\Kernel->handle()
#5 {main}
"} 
[2020-10-07 13:26:03] local.INFO: User Logged In: Susana Alejandra Martinez Gomez  
[2020-10-07 13:27:31] local.INFO: User Logged Out: Susana Alejandra Martinez Gomez  
[2020-10-07 13:29:24] local.INFO: User Logged In: Raul Flores  
[2020-10-07 13:29:41] local.INFO: User Logged In: Raul Flores  
